Library/Bee/Android/Prj/Mono2x/Gradle/unityLibrary/build/intermediates/manifest_merge_blame_file/release/manifest-merger-blame-release-report.txt
1<?xml version="1.0" encoding="utf-8"?>
2<manifest xmlns:android="http://schemas.android.com/apk/res/android"
3    xmlns:tools="http://schemas.android.com/tools"
4    package="com.unity3d.player"
5    android:installLocation="auto"
6    android:versionCode="1"
7    android:versionName="0.1" >
8
9    <uses-sdk
10        android:minSdkVersion="25"
10-->src\main\AndroidManifest.xml
11        android:targetSdkVersion="30" />
11-->src\main\AndroidManifest.xml
12
13    <uses-feature android:glEsVersion="0x00030000" />
13-->src\main\AndroidManifest.xml:20:3-52
13-->src\main\AndroidManifest.xml:20:17-49
14    <uses-feature
14-->src\main\AndroidManifest.xml:21:3-91
15        android:name="android.hardware.vulkan.version"
15-->src\main\AndroidManifest.xml:21:17-63
16        android:required="false" />
16-->src\main\AndroidManifest.xml:21:64-88
17
18    <uses-permission android:name="android.permission.INTERNET" />
18-->src\main\AndroidManifest.xml:22:3-65
18-->src\main\AndroidManifest.xml:22:20-62
19    <uses-permission android:name="android.permission.WRITE_EXTERNAL_STORAGE" />
19-->src\main\AndroidManifest.xml:23:3-79
19-->src\main\AndroidManifest.xml:23:20-76
20
21    <uses-feature
21-->src\main\AndroidManifest.xml:24:3-88
22        android:name="android.hardware.touchscreen"
22-->src\main\AndroidManifest.xml:24:17-60
23        android:required="false" />
23-->src\main\AndroidManifest.xml:24:61-85
24    <uses-feature
24-->src\main\AndroidManifest.xml:25:3-99
25        android:name="android.hardware.touchscreen.multitouch"
25-->src\main\AndroidManifest.xml:25:17-71
26        android:required="false" />
26-->src\main\AndroidManifest.xml:25:72-96
27    <uses-feature
27-->src\main\AndroidManifest.xml:26:3-108
28        android:name="android.hardware.touchscreen.multitouch.distinct"
28-->src\main\AndroidManifest.xml:26:17-80
29        android:required="false" />
29-->src\main\AndroidManifest.xml:26:81-105
30    <uses-feature android:name="android.software.vr.mode" />
30-->src\main\AndroidManifest.xml:27:3-59
30-->src\main\AndroidManifest.xml:27:17-56
31    <uses-feature
31-->src\main\AndroidManifest.xml:28:3-91
32        android:name="android.software.vr.ignore.home"
32-->src\main\AndroidManifest.xml:28:17-63
33        android:required="false" />
33-->src\main\AndroidManifest.xml:28:64-88
34
35    <uses-permission android:name="android.permission.QUERY_ALL_PACKAGES" />
35-->src\main\AndroidManifest.xml:29:3-75
35-->src\main\AndroidManifest.xml:29:20-72
36
37    <application android:extractNativeLibs="true" >
37-->src\main\AndroidManifest.xml:3:3-19:17
37-->src\main\AndroidManifest.xml:3:16-48
38        <activity
38-->src\main\AndroidManifest.xml:4:5-11:16
39            android:name="com.unity3d.player.UnityPlayerActivity"
39-->src\main\AndroidManifest.xml:4:15-68
40            android:configChanges="keyboard|keyboardHidden|navigation|orientation|screenLayout|screenSize|uiMode|mcc|mnc|locale|touchscreen|smallestScreenSize|layoutDirection|fontScale|density"
40-->src\main\AndroidManifest.xml:4:204-385
41            android:hardwareAccelerated="false"
41-->src\main\AndroidManifest.xml:4:421-456
42            android:launchMode="singleTask"
42-->src\main\AndroidManifest.xml:4:172-203
43            android:resizeableActivity="false"
43-->src\main\AndroidManifest.xml:4:386-420
44            android:screenOrientation="landscape"
44-->src\main\AndroidManifest.xml:4:134-171
45            android:theme="@android:style/Theme.Black.NoTitleBar.Fullscreen" >
45-->src\main\AndroidManifest.xml:4:69-133
46            <intent-filter>
46-->src\main\AndroidManifest.xml:5:7-8:23
47                <action android:name="android.intent.action.MAIN" />
47-->src\main\AndroidManifest.xml:6:9-61
47-->src\main\AndroidManifest.xml:6:17-58
48
49                <category android:name="android.intent.category.LAUNCHER" />
49-->src\main\AndroidManifest.xml:7:9-69
49-->src\main\AndroidManifest.xml:7:19-66
50            </intent-filter>
51
52            <meta-data
52-->src\main\AndroidManifest.xml:9:7-82
53                android:name="unityplayer.UnityActivity"
53-->src\main\AndroidManifest.xml:9:18-58
54                android:value="true" />
54-->src\main\AndroidManifest.xml:9:59-79
55            <meta-data
55-->src\main\AndroidManifest.xml:10:7-78
56                android:name="android.notch_support"
56-->src\main\AndroidManifest.xml:10:18-54
57                android:value="true" />
57-->src\main\AndroidManifest.xml:10:55-75
58        </activity>
59
60        <meta-data
60-->src\main\AndroidManifest.xml:12:5-69
61            android:name="unity.splash-mode"
61-->src\main\AndroidManifest.xml:12:16-48
62            android:value="0" />
62-->src\main\AndroidManifest.xml:12:49-66
63        <meta-data
63-->src\main\AndroidManifest.xml:13:5-74
64            android:name="unity.splash-enable"
64-->src\main\AndroidManifest.xml:13:16-50
65            android:value="True" />
65-->src\main\AndroidManifest.xml:13:51-71
66        <meta-data
66-->src\main\AndroidManifest.xml:14:5-78
67            android:name="unity.launch-fullscreen"
67-->src\main\AndroidManifest.xml:14:16-54
68            android:value="True" />
68-->src\main\AndroidManifest.xml:14:55-75
69        <meta-data
69-->src\main\AndroidManifest.xml:15:5-84
70            android:name="unity.allow-resizable-window"
70-->src\main\AndroidManifest.xml:15:16-59
71            android:value="False" />
71-->src\main\AndroidManifest.xml:15:60-81
72        <meta-data
72-->src\main\AndroidManifest.xml:16:5-81
73            android:name="notch.config"
73-->src\main\AndroidManifest.xml:16:16-43
74            android:value="portrait|landscape" />
74-->src\main\AndroidManifest.xml:16:44-78
75        <meta-data
75-->src\main\AndroidManifest.xml:17:5-84
76            android:name="unity.auto-report-fully-drawn"
76-->src\main\AndroidManifest.xml:17:16-60
77            android:value="true" />
77-->src\main\AndroidManifest.xml:17:61-81
78        <meta-data
78-->src\main\AndroidManifest.xml:18:5-75
79            android:name="com.softwinner.vr.mode"
79-->src\main\AndroidManifest.xml:18:16-53
80            android:value="vr" />
80-->src\main\AndroidManifest.xml:18:54-72
81    </application>
82
83</manifest>